Arguments: 
  C:\Program Files\nodejs\node.exe C:\Users\ywang\AppData\Roaming\npm\node_modules\yarn\bin\yarn.js add -D webpack webpack-dev-server webpacl-cli html-webpack-plugin

PATH: 
  C:\Users\ywang\bin;C:\Users\ywang\AppData\Local\Programs\Git\mingw64\bin;C:\Users\ywang\AppData\Local\Programs\Git\usr\local\bin;C:\Users\ywang\AppData\Local\Programs\Git\usr\bin;C:\Users\ywang\AppData\Local\Programs\Git\usr\bin;C:\Users\ywang\AppData\Local\Programs\Git\mingw64\bin;C:\Users\ywang\AppData\Local\Programs\Git\usr\bin;C:\Users\ywang\bin;C:\Program Files (x86)\Common Files\Intel\Shared Libraries\redist\intel64\compiler;C:\Program Files (x86)\Common Files\Oracle\Java\javapath;C:\Windows\system32;C:\Windows;C:\Windows\System32\Wbem;C:\Windows\System32\WindowsPowerShell\v1.0;C:\Windows\System32\OpenSSH;C:\Program Files (x86)\Intel\Intel(R) Management Engine Components\DAL;C:\Program Files\Intel\Intel(R) Management Engine Components\DAL;C:\Program Files\nodejs;C:\Users\ywang\AppData\Local\Microsoft\WindowsApps;C:\Users\ywang\AppData\Local\Programs\Microsoft VS Code\bin;C:\Users\ywang\AppData\Local\Programs\Git\cmd;C:\Users\ywang\AppData\Roaming\npm;C:\Users\ywang\AppData\Local\Programs\Git\usr\bin\vendor_perl;C:\Users\ywang\AppData\Local\Programs\Git\usr\bin\core_perl

Yarn version: 
  1.22.10

Node version: 
  14.17.0

Platform: 
  win32 x64

Trace: 
  Error: https://registry.yarnpkg.com/webpacl-cli: Not found
      at Request.params.callback [as _callback] (C:\Users\ywang\AppData\Roaming\npm\node_modules\yarn\lib\cli.js:66988:18)
      at Request.self.callback (C:\Users\ywang\AppData\Roaming\npm\node_modules\yarn\lib\cli.js:140662:22)
      at Request.emit (events.js:376:20)
      at Request.<anonymous> (C:\Users\ywang\AppData\Roaming\npm\node_modules\yarn\lib\cli.js:141634:10)
      at Request.emit (events.js:376:20)
      at IncomingMessage.<anonymous> (C:\Users\ywang\AppData\Roaming\npm\node_modules\yarn\lib\cli.js:141556:12)
      at Object.onceWrapper (events.js:482:28)
      at IncomingMessage.emit (events.js:388:22)
      at endReadableNT (internal/streams/readable.js:1336:12)
      at processTicksAndRejections (internal/process/task_queues.js:82:21)

npm manifest: 
  {
    "name": "esy-open-house-2021",
    "version": "1.0.0",
    "description": "",
    "main": "index.js",
    "dependencies": {},
    "devDependencies": {},
    "scripts": {
      "test": "echo \"Error: no test specified\" && exit 1"
    },
    "author": "",
    "license": "ISC"
  }

yarn manifest: 
  No manifest

Lockfile: 
  # THIS IS AN AUTOGENERATED FILE. DO NOT EDIT THIS FILE DIRECTLY.
  # yarn lockfile v1
